<?xml version="1.0" encoding="UTF-8"?>
<!-- Generated by org.testng.reporters.JUnitXMLReporter -->
<testsuite ignored="1" hostname="DESKTOP-JTO60IK" failures="0" tests="14" name="Test" time="239.098" errors="0" timestamp="2025-06-05T13:00:44 IST">
  <testcase classname="Tests.LoginTest" name="testloginWithInvalidCredentials" time="9.049"/>
  <testcase classname="Tests.LoginTest" name="testLoginWithInvalidPassword" time="5.368"/>
  <testcase classname="Tests.LoginTest" name="testLoginWithInvalidUserName" time="4.797"/>
  <testcase classname="Tests.LoginTest" name="testloginWithValidCredentials" time="5.183"/>
  <testcase classname="Tests.PersonalDetailsTest" name="PersonalDetailFieldsAreEditable" time="8.497"/>
  <testcase classname="Tests.PersonalDetailsTest" name="UploadAttachment" time="37.889"/>
  <testcase classname="Tests.PersonalDetailsTest" name="DownloadAttachment" time="6.245"/>
  <testcase classname="Tests.PersonalDetailsTest" name="DeleteAttachment" time="10.157"/>
  <testcase classname="Tests.PhotographTest" name="testProfilePictureUploadWithUnsupportedFormat" time="16.949"/>
  <testcase classname="Tests.PhotographTest" name="testProfilePictureUploadWithExceededSize" time="19.253"/>
  <testcase classname="Tests.PhotographTest" name="testProfilePictureUpload" time="23.348"/>
  <testcase classname="Tests.PhotographTest" name="testProfilePicturePersistsAfterRelogin" time="17.382"/>
  <testcase classname="Tests.LogoutTest" name="verifyLogoutButtonVisibility" time="0.241"/>
  <testcase classname="Tests.LogoutTest" name="logoutfromApplication" time="7.136"/>
  <testcase classname="Tests.PersonalDetailsTest" name="UpdatePersonalDetails" time="0.0">
    <ignored/>
  </testcase> <!-- UpdatePersonalDetails -->
</testsuite> <!-- Test -->
