<?xml version="1.0" encoding="UTF-8"?>
<testsuite xmlns:xsi="http://www.w3.org/2001/XMLSchema-instance" xsi:noNamespaceSchemaLocation="https://maven.apache.org/surefire/maven-surefire-plugin/xsd/surefire-test-report.xsd" name="TestSuite" time="240.676" tests="14" errors="0" skipped="0" failures="0">
  <properties>
[...]
</properties>
  <testcase name="testloginWithInvalidCredentials" classname="Tests.LoginTest" time="9.054"/>
  <testcase name="testLoginWithInvalidPassword" classname="Tests.LoginTest" time="5.369"/>
  <testcase name="testLoginWithInvalidUserName" classname="Tests.LoginTest" time="4.797"/>
  <testcase name="testloginWithValidCredentials" classname="Tests.LoginTest" time="5.197"/>
  <testcase name="PersonalDetailFieldsAreEditable" classname="Tests.PersonalDetailsTest" time="8.498"/>
  <testcase name="UploadAttachment" classname="Tests.PersonalDetailsTest" time="37.888"/>
  <testcase name="DownloadAttachment" classname="Tests.PersonalDetailsTest" time="6.246"/>
  <testcase name="DeleteAttachment" classname="Tests.PersonalDetailsTest" time="10.158"/>
  <testcase name="testProfilePictureUploadWithUnsupportedFormat" classname="Tests.PhotographTest" time="16.949"/>
  <testcase name="testProfilePictureUploadWithExceededSize" classname="Tests.PhotographTest" time="19.253"/>
  <testcase name="testProfilePictureUpload" classname="Tests.PhotographTest" time="23.348"/>
  <testcase name="testProfilePicturePersistsAfterRelogin" classname="Tests.PhotographTest" time="17.381"/>
  <testcase name="verifyLogoutButtonVisibility" classname="Tests.LogoutTest" time="0.24"/>
  <testcase name="logoutfromApplication" classname="Tests.LogoutTest" time="7.136"/>
</testsuite>