<?xml version="1.0" encoding="UTF-8"?>
<testng-results ignored="1" total="15" passed="14" failed="0" skipped="0">
  <reporter-output>
  </reporter-output>
  <suite started-at="2025-06-05T12:56:45 IST" name="OrangeHRMSuite" finished-at="2025-06-05T13:00:44 IST" duration-ms="239098">
    <groups>
    </groups>
    <test started-at="2025-06-05T12:56:45 IST" name="Test" finished-at="2025-06-05T13:00:44 IST" duration-ms="239098">
      <class name="Tests.LogoutTest">
        <test-method is-config="true" signature="intialization()[pri:0, instance:Tests.LogoutTest@34b7ac2f]" started-at="2025-06-05T13:00:24 IST" name="intialization" finished-at="2025-06-05T13:00:30 IST" duration-ms="5798" status="PASS">
          <reporter-output>
          </reporter-output>
        </test-method> <!-- intialization -->
        <test-method is-config="true" signature="loginToApplication()[pri:0, instance:Tests.LogoutTest@34b7ac2f]" started-at="2025-06-05T13:00:30 IST" name="loginToApplication" finished-at="2025-06-05T13:00:36 IST" duration-ms="6063" status="PASS">
          <reporter-output>
          </reporter-output>
        </test-method> <!-- loginToApplication -->
        <test-method signature="verifyLogoutButtonVisibility()[pri:1, instance:Tests.LogoutTest@34b7ac2f]" started-at="2025-06-05T13:00:36 IST" name="verifyLogoutButtonVisibility" finished-at="2025-06-05T13:00:36 IST" duration-ms="241" status="PASS">
          <reporter-output>
          </reporter-output>
        </test-method> <!-- verifyLogoutButtonVisibility -->
        <test-method signature="logoutfromApplication()[pri:2, instance:Tests.LogoutTest@34b7ac2f]" started-at="2025-06-05T13:00:36 IST" name="logoutfromApplication" finished-at="2025-06-05T13:00:43 IST" duration-ms="7136" status="PASS">
          <reporter-output>
          </reporter-output>
        </test-method> <!-- logoutfromApplication -->
        <test-method is-config="true" signature="terminate()[pri:0, instance:Tests.LogoutTest@34b7ac2f]" started-at="2025-06-05T13:00:43 IST" name="terminate" finished-at="2025-06-05T13:00:44 IST" duration-ms="532" status="PASS">
          <reporter-output>
          </reporter-output>
        </test-method> <!-- terminate -->
      </class> <!-- Tests.LogoutTest -->
      <class name="Tests.PersonalDetailsTest">
        <test-method is-config="true" signature="intialization()[pri:0, instance:Tests.PersonalDetailsTest@5a63f509]" started-at="2025-06-05T12:57:34 IST" name="intialization" finished-at="2025-06-05T12:57:43 IST" duration-ms="9046" status="PASS">
          <reporter-output>
          </reporter-output>
        </test-method> <!-- intialization -->
        <test-method is-config="true" signature="loginToApplication()[pri:0, instance:Tests.PersonalDetailsTest@5a63f509]" started-at="2025-06-05T12:57:43 IST" name="loginToApplication" finished-at="2025-06-05T12:57:50 IST" duration-ms="6405" status="PASS">
          <reporter-output>
          </reporter-output>
        </test-method> <!-- loginToApplication -->
        <test-method signature="PersonalDetailFieldsAreEditable()[pri:1, instance:Tests.PersonalDetailsTest@5a63f509]" started-at="2025-06-05T12:57:50 IST" name="PersonalDetailFieldsAreEditable" finished-at="2025-06-05T12:57:58 IST" duration-ms="8497" status="PASS">
          <reporter-output>
          </reporter-output>
        </test-method> <!-- PersonalDetailFieldsAreEditable -->
        <test-method signature="UploadAttachment()[pri:3, instance:Tests.PersonalDetailsTest@5a63f509]" started-at="2025-06-05T12:57:58 IST" name="UploadAttachment" finished-at="2025-06-05T12:58:36 IST" duration-ms="37889" status="PASS">
          <reporter-output>
          </reporter-output>
        </test-method> <!-- UploadAttachment -->
        <test-method signature="DownloadAttachment()[pri:4, instance:Tests.PersonalDetailsTest@5a63f509]" started-at="2025-06-05T12:58:36 IST" name="DownloadAttachment" finished-at="2025-06-05T12:58:43 IST" duration-ms="6245" status="PASS">
          <reporter-output>
          </reporter-output>
        </test-method> <!-- DownloadAttachment -->
        <test-method signature="DeleteAttachment()[pri:5, instance:Tests.PersonalDetailsTest@5a63f509]" started-at="2025-06-05T12:58:43 IST" name="DeleteAttachment" finished-at="2025-06-05T12:58:53 IST" duration-ms="10157" status="PASS">
          <reporter-output>
          </reporter-output>
        </test-method> <!-- DeleteAttachment -->
        <test-method is-config="true" signature="terminate()[pri:0, instance:Tests.PersonalDetailsTest@5a63f509]" started-at="2025-06-05T12:58:53 IST" name="terminate" finished-at="2025-06-05T12:58:53 IST" duration-ms="458" status="PASS">
          <reporter-output>
          </reporter-output>
        </test-method> <!-- terminate -->
      </class> <!-- Tests.PersonalDetailsTest -->
      <class name="Tests.PhotographTest">
        <test-method is-config="true" signature="intialization()[pri:0, instance:Tests.PhotographTest@6e4784bc]" started-at="2025-06-05T12:58:53 IST" name="intialization" finished-at="2025-06-05T12:59:00 IST" duration-ms="7136" status="PASS">
          <reporter-output>
          </reporter-output>
        </test-method> <!-- intialization -->
        <test-method is-config="true" signature="loginToApplication()[pri:0, instance:Tests.PhotographTest@6e4784bc]" started-at="2025-06-05T12:59:00 IST" name="loginToApplication" finished-at="2025-06-05T12:59:06 IST" duration-ms="6188" status="PASS">
          <reporter-output>
          </reporter-output>
        </test-method> <!-- loginToApplication -->
        <test-method signature="testProfilePictureUploadWithUnsupportedFormat()[pri:1, instance:Tests.PhotographTest@6e4784bc]" started-at="2025-06-05T12:59:06 IST" name="testProfilePictureUploadWithUnsupportedFormat" finished-at="2025-06-05T12:59:23 IST" duration-ms="16949" status="PASS">
          <reporter-output>
          </reporter-output>
        </test-method> <!-- testProfilePictureUploadWithUnsupportedFormat -->
        <test-method signature="testProfilePictureUploadWithExceededSize()[pri:2, instance:Tests.PhotographTest@6e4784bc]" started-at="2025-06-05T12:59:23 IST" name="testProfilePictureUploadWithExceededSize" finished-at="2025-06-05T12:59:43 IST" duration-ms="19253" status="PASS">
          <reporter-output>
          </reporter-output>
        </test-method> <!-- testProfilePictureUploadWithExceededSize -->
        <test-method signature="testProfilePictureUpload()[pri:3, instance:Tests.PhotographTest@6e4784bc]" started-at="2025-06-05T12:59:43 IST" name="testProfilePictureUpload" finished-at="2025-06-05T13:00:06 IST" duration-ms="23348" status="PASS">
          <reporter-output>
          </reporter-output>
        </test-method> <!-- testProfilePictureUpload -->
        <test-method signature="testProfilePicturePersistsAfterRelogin()[pri:4, instance:Tests.PhotographTest@6e4784bc]" started-at="2025-06-05T13:00:06 IST" name="testProfilePicturePersistsAfterRelogin" finished-at="2025-06-05T13:00:23 IST" duration-ms="17382" status="PASS">
          <reporter-output>
          </reporter-output>
        </test-method> <!-- testProfilePicturePersistsAfterRelogin -->
        <test-method is-config="true" signature="terminate()[pri:0, instance:Tests.PhotographTest@6e4784bc]" started-at="2025-06-05T13:00:23 IST" name="terminate" finished-at="2025-06-05T13:00:24 IST" duration-ms="579" status="PASS">
          <reporter-output>
          </reporter-output>
        </test-method> <!-- terminate -->
      </class> <!-- Tests.PhotographTest -->
      <class name="Tests.LoginTest">
        <test-method is-config="true" signature="intialization()[pri:0, instance:Tests.LoginTest@69b2283a]" started-at="2025-06-05T12:56:45 IST" name="intialization" finished-at="2025-06-05T12:57:09 IST" duration-ms="24483" status="PASS">
          <reporter-output>
          </reporter-output>
        </test-method> <!-- intialization -->
        <test-method signature="testloginWithInvalidCredentials()[pri:1, instance:Tests.LoginTest@69b2283a]" started-at="2025-06-05T12:57:09 IST" name="testloginWithInvalidCredentials" finished-at="2025-06-05T12:57:18 IST" duration-ms="9049" status="PASS">
          <reporter-output>
          </reporter-output>
        </test-method> <!-- testloginWithInvalidCredentials -->
        <test-method signature="testLoginWithInvalidPassword()[pri:2, instance:Tests.LoginTest@69b2283a]" started-at="2025-06-05T12:57:18 IST" name="testLoginWithInvalidPassword" finished-at="2025-06-05T12:57:24 IST" duration-ms="5368" status="PASS">
          <reporter-output>
          </reporter-output>
        </test-method> <!-- testLoginWithInvalidPassword -->
        <test-method signature="testLoginWithInvalidUserName()[pri:3, instance:Tests.LoginTest@69b2283a]" started-at="2025-06-05T12:57:24 IST" name="testLoginWithInvalidUserName" finished-at="2025-06-05T12:57:29 IST" duration-ms="4797" status="PASS">
          <reporter-output>
          </reporter-output>
        </test-method> <!-- testLoginWithInvalidUserName -->
        <test-method signature="testloginWithValidCredentials()[pri:4, instance:Tests.LoginTest@69b2283a]" started-at="2025-06-05T12:57:29 IST" name="testloginWithValidCredentials" finished-at="2025-06-05T12:57:34 IST" duration-ms="5183" status="PASS">
          <reporter-output>
          </reporter-output>
        </test-method> <!-- testloginWithValidCredentials -->
        <test-method is-config="true" signature="terminate()[pri:0, instance:Tests.LoginTest@69b2283a]" started-at="2025-06-05T12:57:34 IST" name="terminate" finished-at="2025-06-05T12:57:34 IST" duration-ms="721" status="PASS">
          <reporter-output>
          </reporter-output>
        </test-method> <!-- terminate -->
      </class> <!-- Tests.LoginTest -->
    </test> <!-- Test -->
  </suite> <!-- OrangeHRMSuite -->
</testng-results>
