<?xml version="1.0" encoding="UTF-8"?>
<testng-results ignored="0" total="4" passed="4" failed="0" skipped="0">
  <reporter-output>
  </reporter-output>
  <suite started-at="2025-06-04T17:09:46 IST" name="Default suite" finished-at="2025-06-04T17:10:27 IST" duration-ms="40778">
    <groups>
    </groups>
    <test started-at="2025-06-04T17:09:46 IST" name="Default test" finished-at="2025-06-04T17:10:27 IST" duration-ms="40778">
      <class name="Tests.LoginTest">
        <test-method is-config="true" signature="intialization()[pri:0, instance:Tests.LoginTest@1a677343]" started-at="2025-06-04T17:09:46 IST" name="intialization" finished-at="2025-06-04T17:10:08 IST" duration-ms="21925" status="PASS">
          <reporter-output>
          </reporter-output>
        </test-method> <!-- intialization -->
        <test-method signature="testloginWithInvalidCredentials()[pri:1, instance:Tests.LoginTest@1a677343]" started-at="2025-06-04T17:10:08 IST" name="testloginWithInvalidCredentials" finished-at="2025-06-04T17:10:17 IST" duration-ms="8783" status="PASS">
          <reporter-output>
          </reporter-output>
        </test-method> <!-- testloginWithInvalidCredentials -->
        <test-method signature="testLoginWithInvalidPassword()[pri:2, instance:Tests.LoginTest@1a677343]" started-at="2025-06-04T17:10:17 IST" name="testLoginWithInvalidPassword" finished-at="2025-06-04T17:10:19 IST" duration-ms="2604" status="PASS">
          <reporter-output>
          </reporter-output>
        </test-method> <!-- testLoginWithInvalidPassword -->
        <test-method signature="testLoginWithInvalidUserName()[pri:3, instance:Tests.LoginTest@1a677343]" started-at="2025-06-04T17:10:19 IST" name="testLoginWithInvalidUserName" finished-at="2025-06-04T17:10:22 IST" duration-ms="3184" status="PASS">
          <reporter-output>
          </reporter-output>
        </test-method> <!-- testLoginWithInvalidUserName -->
        <test-method signature="testloginWithValidCredentials()[pri:4, instance:Tests.LoginTest@1a677343]" started-at="2025-06-04T17:10:22 IST" name="testloginWithValidCredentials" finished-at="2025-06-04T17:10:26 IST" duration-ms="3509" status="PASS">
          <reporter-output>
          </reporter-output>
        </test-method> <!-- testloginWithValidCredentials -->
        <test-method is-config="true" signature="terminate()[pri:0, instance:Tests.LoginTest@1a677343]" started-at="2025-06-04T17:10:26 IST" name="terminate" finished-at="2025-06-04T17:10:27 IST" duration-ms="681" status="PASS">
          <reporter-output>
          </reporter-output>
        </test-method> <!-- terminate -->
      </class> <!-- Tests.LoginTest -->
    </test> <!-- Default test -->
  </suite> <!-- Default suite -->
</testng-results>
